{"timestamp":"2026-03-31T22:37:35.258741Z","level":"info","event":"Stats instance was created in PID 6 but accessed in PID 103. Re-initializing.","logger":"airflow.stats","filename":"stats.py","lineno":57}
{"timestamp":"2026-03-31T22:38:02.361102Z","level":"info","event":"DAG bundles loaded: dags-folder, example_dags","logger":"airflow.dag_processing.bundles.manager.DagBundlesManager","filename":"manager.py","lineno":179}
{"timestamp":"2026-03-31T22:38:02.362397Z","level":"info","event":"Filling up the DagBag from /home/airflow/.local/lib/python3.12/site-packages/airflow/example_dags/standard/example_python_decorator.py","logger":"airflow.models.dagbag.BundleDagBag","filename":"dagbag.py","lineno":593}
{"timestamp":"2026-03-31T22:38:03.768802Z","level":"info","event":"Task instance is in running state","logger":"task.stdout"}
{"timestamp":"2026-03-31T22:38:03.809881Z","level":"info","event":" Previous state of the Task instance: TaskInstanceState.QUEUED","logger":"task.stdout"}
{"timestamp":"2026-03-31T22:38:03.853886Z","level":"info","event":"Current task name:print_the_context","logger":"task.stdout"}
{"timestamp":"2026-03-31T22:38:03.870476Z","level":"info","event":"Dag name:example_python_decorator","logger":"task.stdout"}
{"timestamp":"2026-03-31T22:38:03.909490Z","level":"info","event":"{'conn': <ConnectionAccessor (dynamic access)>,","logger":"task.stdout"}
{"timestamp":"2026-03-31T22:38:03.910445Z","level":"info","event":" 'dag': <DAG: example_python_decorator>,","logger":"task.stdout"}
{"timestamp":"2026-03-31T22:38:03.923501Z","level":"info","event":" 'dag_run': DagRun(dag_id='example_python_decorator', run_id='manual__2026-03-31T22:37:12.068632+00:00', logical_date=datetime.datetime(2026, 3, 31, 22, 37, 8, tzinfo=datetime.timezone.utc), data_interval_start=datetime.datetime(2026, 3, 31, 22, 37, 8, tzinfo=datetime.timezone.utc), data_interval_end=datetime.datetime(2026, 3, 31, 22, 37, 8, tzinfo=datetime.timezone.utc), run_after=datetime.datetime(2026, 3, 31, 22, 37, 12, 68632, tzinfo=datetime.timezone.utc), start_date=datetime.datetime(2026, 3, 31, 22, 37, 15, 220746, tzinfo=datetime.timezone.utc), end_date=None, clear_number=0, run_type=<DagRunType.MANUAL: 'manual'>, state=<DagRunState.RUNNING: 'running'>, conf={}, triggering_user_name='airflow', consumed_asset_events=[]),","logger":"task.stdout"}
{"timestamp":"2026-03-31T22:38:03.926832Z","level":"info","event":" 'data_interval_end': DateTime(2026, 3, 31, 22, 37, 8, tzinfo=Timezone('UTC')),","logger":"task.stdout"}
{"timestamp":"2026-03-31T22:38:03.939369Z","level":"info","event":" 'data_interval_start': DateTime(2026, 3, 31, 22, 37, 8, tzinfo=Timezone('UTC')),","logger":"task.stdout"}
{"timestamp":"2026-03-31T22:38:03.942311Z","level":"info","event":" 'ds_nodash': '20260331',","logger":"task.stdout"}
{"timestamp":"2026-03-31T22:38:03.946839Z","level":"info","event":" 'inlet_events': InletEventsAccessors(_inlets=[], _assets={}, _asset_aliases={}),","logger":"task.stdout"}
{"timestamp":"2026-03-31T22:38:03.955373Z","level":"info","event":" 'inlets': [],","logger":"task.stdout"}
{"timestamp":"2026-03-31T22:38:03.980058Z","level":"info","event":" 'logical_date': DateTime(2026, 3, 31, 22, 37, 8, tzinfo=Timezone('UTC')),","logger":"task.stdout"}
{"timestamp":"2026-03-31T22:38:03.987580Z","level":"info","event":" 'macros': <MacrosAccessor (dynamic access to macros)>,","logger":"task.stdout"}
{"timestamp":"2026-03-31T22:38:03.988101Z","level":"info","event":" 'map_index_template': None,","logger":"task.stdout"}
{"timestamp":"2026-03-31T22:38:03.990823Z","level":"info","event":" 'outlet_events': <airflow.sdk.execution_time.context.OutletEventAccessors object at 0x71d4e884fb60>,","logger":"task.stdout"}
{"timestamp":"2026-03-31T22:38:03.991355Z","level":"info","event":" 'outlets': [],","logger":"task.stdout"}
{"timestamp":"2026-03-31T22:38:03.991884Z","level":"info","event":" 'params': {},","logger":"task.stdout"}
{"timestamp":"2026-03-31T22:38:04.292966Z","level":"info","event":" 'prev_data_interval_end_success': <Proxy at 0x71d4d0d69400 with factory <function RuntimeTaskInstance.get_template_context.<locals>.<lambda> at 0x71d4d022c860>>,","logger":"task.stdout"}
{"timestamp":"2026-03-31T22:38:04.382043Z","level":"info","event":" 'prev_data_interval_start_success': <Proxy at 0x71d4d0d6ba40 with factory <function RuntimeTaskInstance.get_template_context.<locals>.<lambda> at 0x71d4d04999e0>>,","logger":"task.stdout"}
{"timestamp":"2026-03-31T22:38:04.398896Z","level":"info","event":" 'prev_end_date_success': <Proxy at 0x71d4d1a1ecc0 with factory <function RuntimeTaskInstance.get_template_context.<locals>.<lambda> at 0x71d4d022ce00>>,","logger":"task.stdout"}
{"timestamp":"2026-03-31T22:38:04.461823Z","level":"info","event":" 'prev_start_date_success': <Proxy at 0x71d4d2218280 with factory <function RuntimeTaskInstance.get_template_context.<locals>.<lambda> at 0x71d4d022cfe0>>,","logger":"task.stdout"}
{"timestamp":"2026-03-31T22:38:04.507861Z","level":"info","event":" 'run_id': 'manual__2026-03-31T22:37:12.068632+00:00',","logger":"task.stdout"}
{"timestamp":"2026-03-31T22:38:04.609206Z","level":"info","event":" 'task': <Task(_PythonDecoratedOperator): print_the_context>,","logger":"task.stdout"}
{"timestamp":"2026-03-31T22:38:04.656578Z","level":"info","event":" 'task_instance': RuntimeTaskInstance(id=UUID('019d460b-36f3-7ddc-9d9c-70635359dd19'), task_id='print_the_context', dag_id='example_python_decorator', run_id='manual__2026-03-31T22:37:12.068632+00:00', try_number=1, dag_version_id=UUID('019d4608-05ae-7003-b3d1-86252771c47d'), map_index=-1, hostname='b0e3056f075c', context_carrier={}, task=<Task(_PythonDecoratedOperator): print_the_context>, bundle_instance=LocalDagBundle(name=example_dags), max_tries=0, start_date=datetime.datetime(2026, 3, 31, 22, 37, 20, 912671, tzinfo=datetime.timezone.utc), end_date=None, state=<TaskInstanceState.RUNNING: 'running'>, is_mapped=False, rendered_map_index=None),","logger":"task.stdout"}
{"timestamp":"2026-03-31T22:38:04.708032Z","level":"info","event":" 'task_instance_key_str': 'example_python_decorator__print_the_context__20260331',","logger":"task.stdout"}
{"timestamp":"2026-03-31T22:38:04.818640Z","level":"info","event":" 'task_reschedule_count': 0,","logger":"task.stdout"}
{"timestamp":"2026-03-31T22:38:04.852611Z","level":"info","event":" 'templates_dict': None,","logger":"task.stdout"}
{"timestamp":"2026-03-31T22:38:04.884969Z","level":"info","event":" 'ti': RuntimeTaskInstance(id=UUID('019d460b-36f3-7ddc-9d9c-70635359dd19'), task_id='print_the_context', dag_id='example_python_decorator', run_id='manual__2026-03-31T22:37:12.068632+00:00', try_number=1, dag_version_id=UUID('019d4608-05ae-7003-b3d1-86252771c47d'), map_index=-1, hostname='b0e3056f075c', context_carrier={}, task=<Task(_PythonDecoratedOperator): print_the_context>, bundle_instance=LocalDagBundle(name=example_dags), max_tries=0, start_date=datetime.datetime(2026, 3, 31, 22, 37, 20, 912671, tzinfo=datetime.timezone.utc), end_date=None, state=<TaskInstanceState.RUNNING: 'running'>, is_mapped=False, rendered_map_index=None),","logger":"task.stdout"}
{"timestamp":"2026-03-31T22:38:04.901070Z","level":"info","event":" 'triggering_asset_events': TriggeringAssetEventsAccessor(_events=defaultdict(<class 'list'>, {})),","logger":"task.stdout"}
{"timestamp":"2026-03-31T22:38:04.917019Z","level":"info","event":" 'ts': '2026-03-31T22:37:08+00:00',","logger":"task.stdout"}
{"timestamp":"2026-03-31T22:38:04.965377Z","level":"info","event":" 'ts_nodash': '20260331T223708',","logger":"task.stdout"}
{"timestamp":"2026-03-31T22:38:04.997147Z","level":"info","event":" 'ts_nodash_with_tz': '20260331T223708+0000',","logger":"task.stdout"}
{"timestamp":"2026-03-31T22:38:05.013038Z","level":"info","event":" 'var': {'json': <VariableAccessor (dynamic access)>,","logger":"task.stdout"}
{"timestamp":"2026-03-31T22:38:05.029074Z","level":"info","event":"         'value': <VariableAccessor (dynamic access)>}}","logger":"task.stdout"}
{"timestamp":"2026-03-31T22:38:05.060775Z","level":"info","event":"2026-03-31","logger":"task.stdout"}
{"timestamp":"2026-03-31T22:38:04.243080Z","level":"info","event":"Done. Returned value was: Whatever you return gets printed in the logs","logger":"airflow.task.operators.airflow.providers.standard.decorators.python._PythonDecoratedOperator","filename":"python.py","lineno":230}
{"timestamp":"2026-03-31T22:38:04.243709Z","level":"info","event":"Pushing xcom","ti":"RuntimeTaskInstance(id=UUID('019d460b-36f3-7ddc-9d9c-70635359dd19'), task_id='print_the_context', dag_id='example_python_decorator', run_id='manual__2026-03-31T22:37:12.068632+00:00', try_number=1, dag_version_id=UUID('019d4608-05ae-7003-b3d1-86252771c47d'), map_index=-1, hostname='b0e3056f075c', context_carrier={}, task=<Task(_PythonDecoratedOperator): print_the_context>, bundle_instance=LocalDagBundle(name=example_dags), max_tries=0, start_date=datetime.datetime(2026, 3, 31, 22, 37, 20, 912671, tzinfo=datetime.timezone.utc), end_date=None, state=<TaskInstanceState.RUNNING: 'running'>, is_mapped=False, rendered_map_index=None)","logger":"task","filename":"task_runner.py","lineno":1573}
{"timestamp":"2026-03-31T22:38:08.347116Z","level":"info","event":"Task instance in success state","logger":"task.stdout"}
{"timestamp":"2026-03-31T22:38:08.380835Z","level":"info","event":" Previous state of the Task instance: TaskInstanceState.RUNNING","logger":"task.stdout"}
{"timestamp":"2026-03-31T22:38:08.429018Z","level":"info","event":"Task operator:<Task(_PythonDecoratedOperator): print_the_context>","logger":"task.stdout"}
