{"timestamp":"2026-03-31T22:38:24.890823Z","level":"info","event":"Stats instance was created in PID 6 but accessed in PID 115. Re-initializing.","logger":"airflow.stats","filename":"stats.py","lineno":57}
{"timestamp":"2026-03-31T22:38:31.706152Z","level":"info","event":"DAG bundles loaded: dags-folder, example_dags","logger":"airflow.dag_processing.bundles.manager.DagBundlesManager","filename":"manager.py","lineno":179}
{"timestamp":"2026-03-31T22:38:31.733881Z","level":"info","event":"Filling up the DagBag from /home/airflow/.local/lib/python3.12/site-packages/airflow/example_dags/standard/example_python_decorator.py","logger":"airflow.models.dagbag.BundleDagBag","filename":"dagbag.py","lineno":593}
{"timestamp":"2026-03-31T22:38:32.294195Z","level":"info","event":"Task instance is in running state","logger":"task.stdout"}
{"timestamp":"2026-03-31T22:38:32.308808Z","level":"info","event":" Previous state of the Task instance: TaskInstanceState.QUEUED","logger":"task.stdout"}
{"timestamp":"2026-03-31T22:38:32.309478Z","level":"info","event":"Current task name:external_python","logger":"task.stdout"}
{"timestamp":"2026-03-31T22:38:32.310008Z","level":"info","event":"Dag name:example_python_decorator","logger":"task.stdout"}
{"timestamp":"2026-03-31T22:38:34.251579Z","level":"info","event":"Executing cmd: /usr/python/bin/python3.12 /tmp/venv-callri_opt2e/script.py /tmp/venv-callri_opt2e/script.in /tmp/venv-callri_opt2e/script.out /tmp/venv-callri_opt2e/string_args.txt /tmp/venv-callri_opt2e/termination.log /tmp/venv-callri_opt2e/airflow_context.json","logger":"airflow.providers.standard.utils.python_virtualenv","filename":"python_virtualenv.py","lineno":147}
{"timestamp":"2026-03-31T22:38:34.259040Z","level":"info","event":"Output:","logger":"airflow.providers.standard.utils.python_virtualenv","filename":"python_virtualenv.py","lineno":157}
{"timestamp":"2026-03-31T22:38:52.317750Z","level":"info","event":"2026-03-31T22:38:52.313540Z [info     ] setup plugin alembic.autogenerate.schemas [alembic.runtime.plugins] loc=plugins.py:37","logger":"airflow.providers.standard.utils.python_virtualenv","filename":"python_virtualenv.py","lineno":161}
{"timestamp":"2026-03-31T22:38:52.319495Z","level":"info","event":"2026-03-31T22:38:52.314093Z [info     ] setup plugin alembic.autogenerate.tables [alembic.runtime.plugins] loc=plugins.py:37","logger":"airflow.providers.standard.utils.python_virtualenv","filename":"python_virtualenv.py","lineno":161}
{"timestamp":"2026-03-31T22:38:52.320225Z","level":"info","event":"2026-03-31T22:38:52.314873Z [info     ] setup plugin alembic.autogenerate.types [alembic.runtime.plugins] loc=plugins.py:37","logger":"airflow.providers.standard.utils.python_virtualenv","filename":"python_virtualenv.py","lineno":161}
{"timestamp":"2026-03-31T22:38:52.326548Z","level":"info","event":"2026-03-31T22:38:52.315306Z [info     ] setup plugin alembic.autogenerate.constraints [alembic.runtime.plugins] loc=plugins.py:37","logger":"airflow.providers.standard.utils.python_virtualenv","filename":"python_virtualenv.py","lineno":161}
{"timestamp":"2026-03-31T22:38:52.329495Z","level":"info","event":"2026-03-31T22:38:52.315651Z [info     ] setup plugin alembic.autogenerate.defaults [alembic.runtime.plugins] loc=plugins.py:37","logger":"airflow.providers.standard.utils.python_virtualenv","filename":"python_virtualenv.py","lineno":161}
{"timestamp":"2026-03-31T22:38:52.359351Z","level":"info","event":"2026-03-31T22:38:52.315996Z [info     ] setup plugin alembic.autogenerate.comments [alembic.runtime.plugins] loc=plugins.py:37","logger":"airflow.providers.standard.utils.python_virtualenv","filename":"python_virtualenv.py","lineno":161}
{"timestamp":"2026-03-31T22:38:59.102943Z","level":"info","event":"Running task via /usr/python/bin/python3.12","logger":"airflow.providers.standard.utils.python_virtualenv","filename":"python_virtualenv.py","lineno":161}
{"timestamp":"2026-03-31T22:38:59.104716Z","level":"info","event":"Sleeping","logger":"airflow.providers.standard.utils.python_virtualenv","filename":"python_virtualenv.py","lineno":161}
{"timestamp":"2026-03-31T22:38:59.105083Z","level":"info","event":"Please wait...","logger":"airflow.providers.standard.utils.python_virtualenv","filename":"python_virtualenv.py","lineno":161}
{"timestamp":"2026-03-31T22:39:00.096229Z","level":"info","event":"Please wait...","logger":"airflow.providers.standard.utils.python_virtualenv","filename":"python_virtualenv.py","lineno":161}
{"timestamp":"2026-03-31T22:39:01.098350Z","level":"info","event":"Please wait...","logger":"airflow.providers.standard.utils.python_virtualenv","filename":"python_virtualenv.py","lineno":161}
{"timestamp":"2026-03-31T22:39:02.100477Z","level":"info","event":"Please wait...","logger":"airflow.providers.standard.utils.python_virtualenv","filename":"python_virtualenv.py","lineno":161}
{"timestamp":"2026-03-31T22:39:03.138963Z","level":"info","event":"Finished","logger":"airflow.providers.standard.utils.python_virtualenv","filename":"python_virtualenv.py","lineno":161}
{"timestamp":"2026-03-31T22:39:07.904956Z","level":"info","event":"Done. Returned value was: None","logger":"airflow.task.operators.airflow.providers.standard.decorators.external_python._PythonExternalDecoratedOperator","filename":"python.py","lineno":230}
{"timestamp":"2026-03-31T22:39:08.222271Z","level":"info","event":"Task instance in success state","logger":"task.stdout"}
{"timestamp":"2026-03-31T22:39:08.222804Z","level":"info","event":" Previous state of the Task instance: TaskInstanceState.RUNNING","logger":"task.stdout"}
{"timestamp":"2026-03-31T22:39:08.224874Z","level":"info","event":"Task operator:<Task(_PythonExternalDecoratedOperator): external_python>","logger":"task.stdout"}
