{"timestamp":"2026-03-31T22:39:42.415235Z","level":"info","event":"Stats instance was created in PID 6 but accessed in PID 148. Re-initializing.","logger":"airflow.stats","filename":"stats.py","lineno":57}
{"timestamp":"2026-03-31T22:39:50.501695Z","level":"info","event":"DAG bundles loaded: dags-folder, example_dags","logger":"airflow.dag_processing.bundles.manager.DagBundlesManager","filename":"manager.py","lineno":179}
{"timestamp":"2026-03-31T22:39:50.503206Z","level":"info","event":"Filling up the DagBag from /home/airflow/.local/lib/python3.12/site-packages/airflow/example_dags/standard/example_python_decorator.py","logger":"airflow.models.dagbag.BundleDagBag","filename":"dagbag.py","lineno":593}
{"timestamp":"2026-03-31T22:39:50.754900Z","level":"info","event":"Task instance is in running state","logger":"task.stdout"}
{"timestamp":"2026-03-31T22:39:50.761462Z","level":"info","event":" Previous state of the Task instance: TaskInstanceState.QUEUED","logger":"task.stdout"}
{"timestamp":"2026-03-31T22:39:50.778132Z","level":"info","event":"Current task name:virtualenv_python","logger":"task.stdout"}
{"timestamp":"2026-03-31T22:39:50.780806Z","level":"info","event":"Dag name:example_python_decorator","logger":"task.stdout"}
{"timestamp":"2026-03-31T22:39:50.825610Z","level":"info","event":"Executing cmd: uv venv --allow-existing --seed --python python /tmp/venvfphwu8y8","logger":"airflow.providers.standard.utils.python_virtualenv","filename":"python_virtualenv.py","lineno":147}
{"timestamp":"2026-03-31T22:39:50.845213Z","level":"info","event":"Output:","logger":"airflow.providers.standard.utils.python_virtualenv","filename":"python_virtualenv.py","lineno":157}
{"timestamp":"2026-03-31T22:39:52.675350Z","level":"info","event":"Using CPython 3.12.13 interpreter at: /usr/python/bin/python","logger":"airflow.providers.standard.utils.python_virtualenv","filename":"python_virtualenv.py","lineno":161}
{"timestamp":"2026-03-31T22:39:52.676437Z","level":"info","event":"Creating virtual environment with seed packages at: /tmp/venvfphwu8y8","logger":"airflow.providers.standard.utils.python_virtualenv","filename":"python_virtualenv.py","lineno":161}
{"timestamp":"2026-03-31T22:39:56.869558Z","level":"info","event":" + pip==26.0.1","logger":"airflow.providers.standard.utils.python_virtualenv","filename":"python_virtualenv.py","lineno":161}
{"timestamp":"2026-03-31T22:39:56.962114Z","level":"info","event":"Executing cmd: uv pip install --python /tmp/venvfphwu8y8/bin/python -r /tmp/venvfphwu8y8/requirements.txt","logger":"airflow.providers.standard.utils.python_virtualenv","filename":"python_virtualenv.py","lineno":147}
{"timestamp":"2026-03-31T22:39:56.974026Z","level":"info","event":"Output:","logger":"airflow.providers.standard.utils.python_virtualenv","filename":"python_virtualenv.py","lineno":157}
{"timestamp":"2026-03-31T22:39:57.990012Z","level":"info","event":"Using Python 3.12.13 environment at: /tmp/venvfphwu8y8","logger":"airflow.providers.standard.utils.python_virtualenv","filename":"python_virtualenv.py","lineno":161}
{"timestamp":"2026-03-31T22:40:05.762527Z","level":"info","event":"Resolved 1 package in 7.49s","logger":"airflow.providers.standard.utils.python_virtualenv","filename":"python_virtualenv.py","lineno":161}
{"timestamp":"2026-03-31T22:40:06.321447Z","level":"info","event":"Prepared 1 package in 516ms","logger":"airflow.providers.standard.utils.python_virtualenv","filename":"python_virtualenv.py","lineno":161}
{"timestamp":"2026-03-31T22:40:06.468083Z","level":"info","event":"Installed 1 package in 132ms","logger":"airflow.providers.standard.utils.python_virtualenv","filename":"python_virtualenv.py","lineno":161}
{"timestamp":"2026-03-31T22:40:06.481959Z","level":"info","event":" + colorama==0.4.0","logger":"airflow.providers.standard.utils.python_virtualenv","filename":"python_virtualenv.py","lineno":161}
{"timestamp":"2026-03-31T22:40:07.125115Z","level":"info","event":"Executing cmd: /tmp/venvfphwu8y8/bin/python /tmp/venv-calln76xv28w/script.py /tmp/venv-calln76xv28w/script.in /tmp/venv-calln76xv28w/script.out /tmp/venv-calln76xv28w/string_args.txt /tmp/venv-calln76xv28w/termination.log /tmp/venv-calln76xv28w/airflow_context.json","logger":"airflow.providers.standard.utils.python_virtualenv","filename":"python_virtualenv.py","lineno":147}
{"timestamp":"2026-03-31T22:40:07.127994Z","level":"info","event":"Output:","logger":"airflow.providers.standard.utils.python_virtualenv","filename":"python_virtualenv.py","lineno":157}
{"timestamp":"2026-03-31T22:40:07.501362Z","level":"info","event":"\u001b[31msome red text","logger":"airflow.providers.standard.utils.python_virtualenv","filename":"python_virtualenv.py","lineno":161}
{"timestamp":"2026-03-31T22:40:07.502000Z","level":"info","event":"\u001b[42mand with a green background","logger":"airflow.providers.standard.utils.python_virtualenv","filename":"python_virtualenv.py","lineno":161}
{"timestamp":"2026-03-31T22:40:07.502655Z","level":"info","event":"\u001b[2mand in dim text","logger":"airflow.providers.standard.utils.python_virtualenv","filename":"python_virtualenv.py","lineno":161}
{"timestamp":"2026-03-31T22:40:07.503443Z","level":"info","event":"\u001b[0m","logger":"airflow.providers.standard.utils.python_virtualenv","filename":"python_virtualenv.py","lineno":161}
{"timestamp":"2026-03-31T22:40:07.503870Z","level":"info","event":"\u001b[2mPlease wait...","logger":"airflow.providers.standard.utils.python_virtualenv","filename":"python_virtualenv.py","lineno":161}
{"timestamp":"2026-03-31T22:40:08.510281Z","level":"info","event":"\u001b[2mPlease wait...","logger":"airflow.providers.standard.utils.python_virtualenv","filename":"python_virtualenv.py","lineno":161}
{"timestamp":"2026-03-31T22:40:09.507662Z","level":"info","event":"\u001b[2mPlease wait...","logger":"airflow.providers.standard.utils.python_virtualenv","filename":"python_virtualenv.py","lineno":161}
{"timestamp":"2026-03-31T22:40:10.503609Z","level":"info","event":"\u001b[2mPlease wait...","logger":"airflow.providers.standard.utils.python_virtualenv","filename":"python_virtualenv.py","lineno":161}
{"timestamp":"2026-03-31T22:40:11.506774Z","level":"info","event":"Finished","logger":"airflow.providers.standard.utils.python_virtualenv","filename":"python_virtualenv.py","lineno":161}
{"timestamp":"2026-03-31T22:40:11.592865Z","level":"warning","event":"Fail to delete /opt/airflow/tmp/venvfphwu8y8. The directory does not exist.","logger":"airflow.task.operators.airflow.providers.standard.decorators.python_virtualenv._PythonVirtualenvDecoratedOperator","filename":"python.py","lineno":954}
{"timestamp":"2026-03-31T22:40:12.204984Z","level":"info","event":"Done. Returned value was: None","logger":"airflow.task.operators.airflow.providers.standard.decorators.python_virtualenv._PythonVirtualenvDecoratedOperator","filename":"python.py","lineno":230}
{"timestamp":"2026-03-31T22:40:12.308907Z","level":"info","event":"Task instance in success state","logger":"task.stdout"}
{"timestamp":"2026-03-31T22:40:12.309620Z","level":"info","event":" Previous state of the Task instance: TaskInstanceState.RUNNING","logger":"task.stdout"}
{"timestamp":"2026-03-31T22:40:12.339207Z","level":"info","event":"Task operator:<Task(_PythonVirtualenvDecoratedOperator): virtualenv_python>","logger":"task.stdout"}
