{"timestamp":"2026-03-31T22:41:04.009699Z","level":"info","event":"Stats instance was created in PID 6 but accessed in PID 192. Re-initializing.","logger":"airflow.stats","filename":"stats.py","lineno":57}
{"timestamp":"2026-03-31T22:41:13.488530Z","level":"info","event":"DAG bundles loaded: dags-folder, example_dags","logger":"airflow.dag_processing.bundles.manager.DagBundlesManager","filename":"manager.py","lineno":179}
{"timestamp":"2026-03-31T22:41:13.490241Z","level":"info","event":"Filling up the DagBag from /home/airflow/.local/lib/python3.12/site-packages/airflow/example_dags/standard/example_python_decorator.py","logger":"airflow.models.dagbag.BundleDagBag","filename":"dagbag.py","lineno":593}
{"timestamp":"2026-03-31T22:41:13.907107Z","level":"info","event":"Task instance is in running state","logger":"task.stdout"}
{"timestamp":"2026-03-31T22:41:13.910717Z","level":"info","event":" Previous state of the Task instance: TaskInstanceState.QUEUED","logger":"task.stdout"}
{"timestamp":"2026-03-31T22:41:13.919848Z","level":"info","event":"Current task name:print_the_context","logger":"task.stdout"}
{"timestamp":"2026-03-31T22:41:13.920478Z","level":"info","event":"Dag name:example_python_decorator","logger":"task.stdout"}
{"timestamp":"2026-03-31T22:41:13.921436Z","level":"info","event":"{'conn': <ConnectionAccessor (dynamic access)>,","logger":"task.stdout"}
{"timestamp":"2026-03-31T22:41:13.923532Z","level":"info","event":" 'dag': <DAG: example_python_decorator>,","logger":"task.stdout"}
{"timestamp":"2026-03-31T22:41:13.927303Z","level":"info","event":" 'dag_run': DagRun(dag_id='example_python_decorator', run_id='manual__2026-03-31T22:41:01.513107+00:00', logical_date=datetime.datetime(2026, 3, 31, 22, 40, 59, tzinfo=datetime.timezone.utc), data_interval_start=datetime.datetime(2026, 3, 31, 22, 40, 59, tzinfo=datetime.timezone.utc), data_interval_end=datetime.datetime(2026, 3, 31, 22, 40, 59, tzinfo=datetime.timezone.utc), run_after=datetime.datetime(2026, 3, 31, 22, 41, 1, 513107, tzinfo=datetime.timezone.utc), start_date=datetime.datetime(2026, 3, 31, 22, 41, 2, 558139, tzinfo=datetime.timezone.utc), end_date=None, clear_number=0, run_type=<DagRunType.MANUAL: 'manual'>, state=<DagRunState.RUNNING: 'running'>, conf={}, triggering_user_name='airflow', consumed_asset_events=[]),","logger":"task.stdout"}
{"timestamp":"2026-03-31T22:41:13.927957Z","level":"info","event":" 'data_interval_end': DateTime(2026, 3, 31, 22, 40, 59, tzinfo=Timezone('UTC')),","logger":"task.stdout"}
{"timestamp":"2026-03-31T22:41:13.933406Z","level":"info","event":" 'data_interval_start': DateTime(2026, 3, 31, 22, 40, 59, tzinfo=Timezone('UTC')),","logger":"task.stdout"}
{"timestamp":"2026-03-31T22:41:13.934097Z","level":"info","event":" 'ds_nodash': '20260331',","logger":"task.stdout"}
{"timestamp":"2026-03-31T22:41:13.934627Z","level":"info","event":" 'inlet_events': InletEventsAccessors(_inlets=[], _assets={}, _asset_aliases={}),","logger":"task.stdout"}
{"timestamp":"2026-03-31T22:41:13.935148Z","level":"info","event":" 'inlets': [],","logger":"task.stdout"}
{"timestamp":"2026-03-31T22:41:13.935809Z","level":"info","event":" 'logical_date': DateTime(2026, 3, 31, 22, 40, 59, tzinfo=Timezone('UTC')),","logger":"task.stdout"}
{"timestamp":"2026-03-31T22:41:13.936367Z","level":"info","event":" 'macros': <MacrosAccessor (dynamic access to macros)>,","logger":"task.stdout"}
{"timestamp":"2026-03-31T22:41:13.936926Z","level":"info","event":" 'map_index_template': None,","logger":"task.stdout"}
{"timestamp":"2026-03-31T22:41:13.937473Z","level":"info","event":" 'outlet_events': <airflow.sdk.execution_time.context.OutletEventAccessors object at 0x71d4d785b5f0>,","logger":"task.stdout"}
{"timestamp":"2026-03-31T22:41:13.938097Z","level":"info","event":" 'outlets': [],","logger":"task.stdout"}
{"timestamp":"2026-03-31T22:41:13.938813Z","level":"info","event":" 'params': {},","logger":"task.stdout"}
{"timestamp":"2026-03-31T22:41:14.005842Z","level":"info","event":" 'prev_data_interval_end_success': <Proxy at 0x71d4d0556080 with factory <function RuntimeTaskInstance.get_template_context.<locals>.<lambda> at 0x71d4d05616c0>>,","logger":"task.stdout"}
{"timestamp":"2026-03-31T22:41:14.006512Z","level":"info","event":" 'prev_data_interval_start_success': <Proxy at 0x71d4d7f6cbc0 with factory <function RuntimeTaskInstance.get_template_context.<locals>.<lambda> at 0x71d4d0516020>>,","logger":"task.stdout"}
{"timestamp":"2026-03-31T22:41:14.007021Z","level":"info","event":" 'prev_end_date_success': <Proxy at 0x71d4d085a600 with factory <function RuntimeTaskInstance.get_template_context.<locals>.<lambda> at 0x71d4d05620c0>>,","logger":"task.stdout"}
{"timestamp":"2026-03-31T22:41:14.008381Z","level":"info","event":" 'prev_start_date_success': <Proxy at 0x71d4d0546040 with factory <function RuntimeTaskInstance.get_template_context.<locals>.<lambda> at 0x71d4d0561ee0>>,","logger":"task.stdout"}
{"timestamp":"2026-03-31T22:41:14.010375Z","level":"info","event":" 'run_id': 'manual__2026-03-31T22:41:01.513107+00:00',","logger":"task.stdout"}
{"timestamp":"2026-03-31T22:41:14.018642Z","level":"info","event":" 'task': <Task(_PythonDecoratedOperator): print_the_context>,","logger":"task.stdout"}
{"timestamp":"2026-03-31T22:41:14.019397Z","level":"info","event":" 'task_instance': RuntimeTaskInstance(id=UUID('019d460e-b2e4-7293-b7fb-282c7056d432'), task_id='print_the_context', dag_id='example_python_decorator', run_id='manual__2026-03-31T22:41:01.513107+00:00', try_number=1, dag_version_id=UUID('019d4608-05ae-7003-b3d1-86252771c47d'), map_index=-1, hostname='b0e3056f075c', context_carrier={}, task=<Task(_PythonDecoratedOperator): print_the_context>, bundle_instance=LocalDagBundle(name=example_dags), max_tries=0, start_date=datetime.datetime(2026, 3, 31, 22, 41, 3, 707705, tzinfo=datetime.timezone.utc), end_date=None, state=<TaskInstanceState.RUNNING: 'running'>, is_mapped=False, rendered_map_index=None),","logger":"task.stdout"}
{"timestamp":"2026-03-31T22:41:14.020142Z","level":"info","event":" 'task_instance_key_str': 'example_python_decorator__print_the_context__20260331',","logger":"task.stdout"}
{"timestamp":"2026-03-31T22:41:14.020634Z","level":"info","event":" 'task_reschedule_count': 0,","logger":"task.stdout"}
{"timestamp":"2026-03-31T22:41:14.027105Z","level":"info","event":" 'templates_dict': None,","logger":"task.stdout"}
{"timestamp":"2026-03-31T22:41:14.027719Z","level":"info","event":" 'ti': RuntimeTaskInstance(id=UUID('019d460e-b2e4-7293-b7fb-282c7056d432'), task_id='print_the_context', dag_id='example_python_decorator', run_id='manual__2026-03-31T22:41:01.513107+00:00', try_number=1, dag_version_id=UUID('019d4608-05ae-7003-b3d1-86252771c47d'), map_index=-1, hostname='b0e3056f075c', context_carrier={}, task=<Task(_PythonDecoratedOperator): print_the_context>, bundle_instance=LocalDagBundle(name=example_dags), max_tries=0, start_date=datetime.datetime(2026, 3, 31, 22, 41, 3, 707705, tzinfo=datetime.timezone.utc), end_date=None, state=<TaskInstanceState.RUNNING: 'running'>, is_mapped=False, rendered_map_index=None),","logger":"task.stdout"}
{"timestamp":"2026-03-31T22:41:14.028198Z","level":"info","event":" 'triggering_asset_events': TriggeringAssetEventsAccessor(_events=defaultdict(<class 'list'>, {})),","logger":"task.stdout"}
{"timestamp":"2026-03-31T22:41:14.028657Z","level":"info","event":" 'ts': '2026-03-31T22:40:59+00:00',","logger":"task.stdout"}
{"timestamp":"2026-03-31T22:41:14.033028Z","level":"info","event":" 'ts_nodash': '20260331T224059',","logger":"task.stdout"}
{"timestamp":"2026-03-31T22:41:14.033599Z","level":"info","event":" 'ts_nodash_with_tz': '20260331T224059+0000',","logger":"task.stdout"}
{"timestamp":"2026-03-31T22:41:14.034028Z","level":"info","event":" 'var': {'json': <VariableAccessor (dynamic access)>,","logger":"task.stdout"}
{"timestamp":"2026-03-31T22:41:14.034404Z","level":"info","event":"         'value': <VariableAccessor (dynamic access)>}}","logger":"task.stdout"}
{"timestamp":"2026-03-31T22:41:14.034766Z","level":"info","event":"2026-03-31","logger":"task.stdout"}
{"timestamp":"2026-03-31T22:41:14.000667Z","level":"info","event":"Done. Returned value was: Whatever you return gets printed in the logs","logger":"airflow.task.operators.airflow.providers.standard.decorators.python._PythonDecoratedOperator","filename":"python.py","lineno":230}
{"timestamp":"2026-03-31T22:41:14.001286Z","level":"info","event":"Pushing xcom","ti":"RuntimeTaskInstance(id=UUID('019d460e-b2e4-7293-b7fb-282c7056d432'), task_id='print_the_context', dag_id='example_python_decorator', run_id='manual__2026-03-31T22:41:01.513107+00:00', try_number=1, dag_version_id=UUID('019d4608-05ae-7003-b3d1-86252771c47d'), map_index=-1, hostname='b0e3056f075c', context_carrier={}, task=<Task(_PythonDecoratedOperator): print_the_context>, bundle_instance=LocalDagBundle(name=example_dags), max_tries=0, start_date=datetime.datetime(2026, 3, 31, 22, 41, 3, 707705, tzinfo=datetime.timezone.utc), end_date=None, state=<TaskInstanceState.RUNNING: 'running'>, is_mapped=False, rendered_map_index=None)","logger":"task","filename":"task_runner.py","lineno":1573}
{"timestamp":"2026-03-31T22:41:14.322602Z","level":"info","event":"Task instance in success state","logger":"task.stdout"}
{"timestamp":"2026-03-31T22:41:14.333873Z","level":"info","event":" Previous state of the Task instance: TaskInstanceState.RUNNING","logger":"task.stdout"}
{"timestamp":"2026-03-31T22:41:14.334602Z","level":"info","event":"Task operator:<Task(_PythonDecoratedOperator): print_the_context>","logger":"task.stdout"}
